<?xml version="1.0" encoding="UTF-8"?>
<testng-results skipped="0" failed="0" ignored="0" total="1" passed="1">
  <reporter-output>
  </reporter-output>
  <suite name="Default suite" duration-ms="32649" started-at="2021-05-26T08:39:00 IST" finished-at="2021-05-26T08:39:33 IST">
    <groups>
      <group name="cucumber">
        <method signature="AbstractTestNGCucumberTests.runScenario(io.cucumber.testng.PickleWrapper, io.cucumber.testng.FeatureWrapper)[pri:0, instance:MMTTestRun.MMT_Runner@3869f4]" name="runScenario" class="io.cucumber.testng.AbstractTestNGCucumberTests"/>
      </group> <!-- cucumber -->
    </groups>
    <test name="Default test" duration-ms="32649" started-at="2021-05-26T08:39:00 IST" finished-at="2021-05-26T08:39:33 IST">
      <class name="MMTTestRun.MMT_Runner">
        <test-method status="PASS" signature="setUpClass()[pri:0, instance:MMTTestRun.MMT_Runner@3869f4]" name="setUpClass" is-config="true" duration-ms="872" started-at="2021-05-26T08:39:00 IST" finished-at="2021-05-26T08:39:01 IST">
          <reporter-output>
          </reporter-output>
        </test-method> <!-- setUpClass -->
        <test-method status="PASS" signature="runScenario(io.cucumber.testng.PickleWrapper, io.cucumber.testng.FeatureWrapper)[pri:0, instance:MMTTestRun.MMT_Runner@3869f4]" name="runScenario" duration-ms="31690" started-at="2021-05-26T08:39:01 IST" description="Runs Cucumber Scenarios" data-provider="scenarios" finished-at="2021-05-26T08:39:33 IST">
          <params>
            <param index="0">
              <value>
                <![CDATA[""]]>
              </value>
            </param>
            <param index="1">
              <value>
                <![CDATA["Home Page Test case"]]>
              </value>
            </param>
          </params>
          <reporter-output>
          </reporter-output>
        </test-method> <!-- runScenario -->
        <test-method status="PASS" signature="tearDownClass()[pri:0, instance:MMTTestRun.MMT_Runner@3869f4]" name="tearDownClass" is-config="true" duration-ms="21" started-at="2021-05-26T08:39:33 IST" finished-at="2021-05-26T08:39:33 IST">
          <reporter-output>
          </reporter-output>
        </test-method> <!-- tearDownClass -->
      </class> <!-- MMTTestRun.MMT_Runner -->
    </test> <!-- Default test -->
  </suite> <!-- Default suite -->
</testng-results>
